<?xml version="1.0" encoding="UTF-8"?>
<!-- Generated by org.testng.reporters.JUnitReportReporter -->
<testsuite hostname="DESKTOP-J2E0QS9" failures="0" tests="1" name="e2etesting.website.extentreport" time="6.806" errors="0" timestamp="2022-07-23T20:54:18 IST" skipped="0">
  <testcase classname="e2etesting.website.extentreport" name="tp" time="6.806"/>
  <system-out/>
</testsuite> <!-- e2etesting.website.extentreport -->
