<?xml version="1.0" encoding="UTF-8"?>
<!-- Generated by org.testng.reporters.JUnitReportReporter -->
<testsuite hostname="DESKTOP-J2E0QS9" failures="0" tests="2" name="e2etesting.website.testcase" time="42.306" errors="0" timestamp="2022-07-24T14:36:56 IST" skipped="0">
  <testcase classname="e2etesting.website.testcase" name="launch" time="21.933"/>
  <system-out/>
  <testcase classname="e2etesting.website.testcase" name="launch" time="20.373"/>
  <system-out/>
</testsuite> <!-- e2etesting.website.testcase -->
