<?xml version="1.0" encoding="UTF-8"?>
<!-- Generated by org.testng.reporters.JUnitReportReporter -->
<testsuite hostname="DESKTOP-J2E0QS9" failures="0" tests="2" name="e2etesting.website.testcase" time="46.688" errors="0" timestamp="2022-07-31T13:11:28 IST" skipped="0">
  <testcase classname="e2etesting.website.testcase" name="launch" time="25.334"/>
  <system-out/>
  <testcase classname="e2etesting.website.testcase" name="launch" time="21.354"/>
  <system-out/>
</testsuite> <!-- e2etesting.website.testcase -->
